<?xml version="1.0" encoding="UTF-8"?>
<coverage generated="1554343669809" clover="3.2.0">
  <project timestamp="1554343669809" name="All files">
    <metrics statements="19" coveredstatements="3" conditionals="5" coveredconditionals="1" methods="7" coveredmethods="0" elements="31" coveredelements="4" complexity="0" loc="19" ncloc="19" packages="1" files="1" classes="1"/>
    <file name="index.jsx" path="/Users/MyFolder/FEC/image-gallery-module/src/index.jsx">
      <metrics statements="19" coveredstatements="3" conditionals="5" coveredconditionals="1" methods="7" coveredmethods="0"/>
      <line num="6" count="1" type="stmt"/>
      <line num="7" count="0" type="stmt"/>
      <line num="12" count="1" type="stmt"/>
      <line num="13" count="0" type="stmt"/>
      <line num="14" count="0" type="stmt"/>
      <line num="16" count="0" type="stmt"/>
      <line num="17" count="0" type="stmt"/>
      <line num="20" count="0" type="cond" truecount="0" falsecount="1"/>
      <line num="21" count="0" type="stmt"/>
      <line num="23" count="0" type="stmt"/>
      <line num="25" count="0" type="stmt"/>
      <line num="28" count="0" type="stmt"/>
      <line num="29" count="0" type="stmt"/>
      <line num="31" count="0" type="stmt"/>
      <line num="35" count="0" type="stmt"/>
      <line num="48" count="0" type="stmt"/>
      <line num="60" count="0" type="stmt"/>
      <line num="74" count="1" type="cond" truecount="1" falsecount="1"/>
      <line num="75" count="0" type="stmt"/>
    </file>
  </project>
</coverage>
