{"/Users/MyFolder/FEC/image-gallery-module/src/index.jsx": {"path":"/Users/MyFolder/FEC/image-gallery-module/src/index.jsx","statementMap":{"0":{"start":{"line":6,"column":22},"end":{"line":10,"column":1}},"1":{"start":{"line":7,"column":2},"end":{"line":9,"column":8}},"2":{"start":{"line":12,"column":14},"end":{"line":72,"column":1}},"3":{"start":{"line":13,"column":30},"end":{"line":13,"column":48}},"4":{"start":{"line":14,"column":32},"end":{"line":14,"column":53}},"5":{"start":{"line":16,"column":2},"end":{"line":18,"column":9}},"6":{"start":{"line":17,"column":4},"end":{"line":17,"column":18}},"7":{"start":{"line":20,"column":22},"end":{"line":33,"column":3}},"8":{"start":{"line":21,"column":20},"end":{"line":21,"column":46}},"9":{"start":{"line":23,"column":6},"end":{"line":23,"column":72}},"10":{"start":{"line":25,"column":4},"end":{"line":32,"column":9}},"11":{"start":{"line":28,"column":8},"end":{"line":28,"column":44}},"12":{"start":{"line":29,"column":8},"end":{"line":29,"column":26}},"13":{"start":{"line":31,"column":8},"end":{"line":31,"column":28}},"14":{"start":{"line":35,"column":2},"end":{"line":71,"column":4}},"15":{"start":{"line":48,"column":24},"end":{"line":48,"column":38}},"16":{"start":{"line":60,"column":18},"end":{"line":63,"column":20}},"17":{"start":{"line":74,"column":0},"end":{"line":77,"column":1}},"18":{"start":{"line":75,"column":2},"end":{"line":75,"column":64}}},"fnMap":{"0":{"name":"(anonymous_0)","decl":{"start":{"line":6,"column":22},"end":{"line":6,"column":23}},"loc":{"start":{"line":7,"column":2},"end":{"line":9,"column":8}},"line":7},"1":{"name":"(anonymous_1)","decl":{"start":{"line":12,"column":14},"end":{"line":12,"column":15}},"loc":{"start":{"line":12,"column":20},"end":{"line":72,"column":1}},"line":12},"2":{"name":"(anonymous_2)","decl":{"start":{"line":16,"column":18},"end":{"line":16,"column":19}},"loc":{"start":{"line":16,"column":24},"end":{"line":18,"column":3}},"line":16},"3":{"name":"(anonymous_3)","decl":{"start":{"line":20,"column":22},"end":{"line":20,"column":23}},"loc":{"start":{"line":20,"column":38},"end":{"line":33,"column":3}},"line":20},"4":{"name":"(anonymous_4)","decl":{"start":{"line":27,"column":12},"end":{"line":27,"column":13}},"loc":{"start":{"line":27,"column":19},"end":{"line":32,"column":7}},"line":27},"5":{"name":"(anonymous_5)","decl":{"start":{"line":48,"column":18},"end":{"line":48,"column":19}},"loc":{"start":{"line":48,"column":24},"end":{"line":48,"column":38}},"line":48},"6":{"name":"(anonymous_6)","decl":{"start":{"line":59,"column":29},"end":{"line":59,"column":30}},"loc":{"start":{"line":60,"column":18},"end":{"line":63,"column":20}},"line":60}},"branchMap":{"0":{"loc":{"start":{"line":20,"column":23},"end":{"line":20,"column":33}},"type":"default-arg","locations":[{"start":{"line":20,"column":31},"end":{"line":20,"column":33}}],"line":20},"1":{"loc":{"start":{"line":58,"column":15},"end":{"line":65,"column":20}},"type":"cond-expr","locations":[{"start":{"line":59,"column":18},"end":{"line":64,"column":18}},{"start":{"line":65,"column":18},"end":{"line":65,"column":20}}],"line":58},"2":{"loc":{"start":{"line":74,"column":0},"end":{"line":77,"column":1}},"type":"if","locations":[{"start":{"line":74,"column":0},"end":{"line":77,"column":1}},{"start":{"line":74,"column":0},"end":{"line":77,"column":1}}],"line":74}},"s":{"0":1,"1":0,"2":1,"3":0,"4":0,"5":0,"6":0,"7":0,"8":0,"9":0,"10":0,"11":0,"12":0,"13":0,"14":0,"15":0,"16":0,"17":1,"18":0},"f":{"0":0,"1":0,"2":0,"3":0,"4":0,"5":0,"6":0},"b":{"0":[0],"1":[0,0],"2":[0,1]},"_coverageSchema":"43e27e138ebf9cfc5966b082cf9a028302ed4184","hash":"002e2792d02f6df6b3c44af292ed328a6eb7e703"}
}
